<?xml version="1.0" encoding="UTF-8"?>
<testng-results skipped="0" failed="1" ignored="0" total="1" passed="0">
  <reporter-output>
  </reporter-output>
  <suite name="Default suite" duration-ms="13220" started-at="2021-03-05T17:34:37Z" finished-at="2021-03-05T17:34:50Z">
    <groups>
    </groups>
    <test name="Default test" duration-ms="13220" started-at="2021-03-05T17:34:37Z" finished-at="2021-03-05T17:34:50Z">
      <class name="com.accessibility.AccessibilityTest">
        <test-method status="PASS" signature="setUp()[pri:0, instance:com.accessibility.AccessibilityTest@14acaea5]" name="setUp" is-config="true" duration-ms="11701" started-at="2021-03-05T23:04:37Z" finished-at="2021-03-05T23:04:48Z">
          <reporter-output>
          </reporter-output>
        </test-method> <!-- setUp -->
        <test-method status="FAIL" signature="accessibilityTest()[pri:0, instance:com.accessibility.AccessibilityTest@14acaea5]" name="accessibilityTest" duration-ms="405" started-at="2021-03-05T23:04:48Z" finished-at="2021-03-05T23:04:49Z">
          <exception class="java.lang.AssertionError">
            <message>
              <![CDATA[Found 4 accessibility violations:
1) id attribute value must be unique: https://dequeuniversity.com/rules/axe/3.5/duplicate-id?application=axeAPI
  a) [".left-2-div"]
    Fix any of the following:
      Document has multiple static elements with the same id attribute


2) <html> element must have a lang attribute: https://dequeuniversity.com/rules/axe/3.5/html-has-lang?application=axeAPI
  a) ["#ext-element-1"]
    Fix any of the following:
      The <html> element does not have a lang attribute


3) Document must have one main landmark: https://dequeuniversity.com/rules/axe/3.5/landmark-one-main?application=axeAPI
  a) ["#ext-element-1"]
    Fix all of the following:
      Document does not have a main landmark


4) Page must contain a level-one heading: https://dequeuniversity.com/rules/axe/3.5/page-has-heading-one?application=axeAPI
  a) ["#ext-element-1"]
    Fix all of the following:
      Page must have a level-one heading

 expected [true] but found [false]]]>
            </message>
            <full-stacktrace>
              <![CDATA[java.lang.AssertionError: Found 4 accessibility violations:
1) id attribute value must be unique: https://dequeuniversity.com/rules/axe/3.5/duplicate-id?application=axeAPI
  a) [".left-2-div"]
    Fix any of the following:
      Document has multiple static elements with the same id attribute


2) <html> element must have a lang attribute: https://dequeuniversity.com/rules/axe/3.5/html-has-lang?application=axeAPI
  a) ["#ext-element-1"]
    Fix any of the following:
      The <html> element does not have a lang attribute


3) Document must have one main landmark: https://dequeuniversity.com/rules/axe/3.5/landmark-one-main?application=axeAPI
  a) ["#ext-element-1"]
    Fix all of the following:
      Document does not have a main landmark


4) Page must contain a level-one heading: https://dequeuniversity.com/rules/axe/3.5/page-has-heading-one?application=axeAPI
  a) ["#ext-element-1"]
    Fix all of the following:
      Page must have a level-one heading

 expected [true] but found [false]
	at org.testng.Assert.fail(Assert.java:93)
	at org.testng.Assert.failNotEquals(Assert.java:512)
	at org.testng.Assert.assertTrue(Assert.java:41)
	at com.accessibility.AccessibilityTest.accessibilityTest(AccessibilityTest.java:41)
	at sun.reflect.NativeMethodAccessorImpl.invoke0(Native Method)
	at sun.reflect.NativeMethodAccessorImpl.invoke(Unknown Source)
	at sun.reflect.DelegatingMethodAccessorImpl.invoke(Unknown Source)
	at java.lang.reflect.Method.invoke(Unknown Source)
	at org.testng.internal.MethodInvocationHelper.invokeMethod(MethodInvocationHelper.java:108)
	at org.testng.internal.Invoker.invokeMethod(Invoker.java:661)
	at org.testng.internal.Invoker.invokeTestMethod(Invoker.java:869)
	at org.testng.internal.Invoker.invokeTestMethods(Invoker.java:1193)
	at org.testng.internal.TestMethodWorker.invokeTestMethods(TestMethodWorker.java:126)
	at org.testng.internal.TestMethodWorker.run(TestMethodWorker.java:109)
	at org.testng.TestRunner.privateRun(TestRunner.java:744)
	at org.testng.TestRunner.run(TestRunner.java:602)
	at org.testng.SuiteRunner.runTest(SuiteRunner.java:380)
	at org.testng.SuiteRunner.runSequentially(SuiteRunner.java:375)
	at org.testng.SuiteRunner.privateRun(SuiteRunner.java:340)
	at org.testng.SuiteRunner.run(SuiteRunner.java:289)
	at org.testng.SuiteRunnerWorker.runSuite(SuiteRunnerWorker.java:52)
	at org.testng.SuiteRunnerWorker.run(SuiteRunnerWorker.java:86)
	at org.testng.TestNG.runSuitesSequentially(TestNG.java:1301)
	at org.testng.TestNG.runSuitesLocally(TestNG.java:1226)
	at org.testng.TestNG.runSuites(TestNG.java:1144)
	at org.testng.TestNG.run(TestNG.java:1115)
	at org.testng.remote.AbstractRemoteTestNG.run(AbstractRemoteTestNG.java:114)
	at org.testng.remote.RemoteTestNG.initAndRun(RemoteTestNG.java:251)
	at org.testng.remote.RemoteTestNG.main(RemoteTestNG.java:77)
]]>
            </full-stacktrace>
          </exception> <!-- java.lang.AssertionError -->
          <reporter-output>
          </reporter-output>
        </test-method> <!-- accessibilityTest -->
        <test-method status="PASS" signature="tearDown()[pri:0, instance:com.accessibility.AccessibilityTest@14acaea5]" name="tearDown" is-config="true" duration-ms="1092" started-at="2021-03-05T23:04:49Z" finished-at="2021-03-05T23:04:50Z">
          <reporter-output>
          </reporter-output>
        </test-method> <!-- tearDown -->
      </class> <!-- com.accessibility.AccessibilityTest -->
    </test> <!-- Default test -->
  </suite> <!-- Default suite -->
</testng-results>
