<?xml version="1.0" encoding="UTF-8"?>
<!-- Generated by org.testng.reporters.JUnitReportReporter -->
<testsuite skipped="0" hostname="PG027ZZL" name="com.accessibility.AccessibilityTest" tests="1" failures="1" timestamp="05 Mar 2021 17:34:50 GMT" time="0.405" errors="0">
  <testcase name="accessibilityTest" time="0.405" classname="com.accessibility.AccessibilityTest">
    <failure type="java.lang.AssertionError" message="Found 4 accessibility violations:
1) id attribute value must be unique: https://dequeuniversity.com/rules/axe/3.5/duplicate-id?application=axeAPI
  a) [&quot;.left-2-div&quot;]
    Fix any of the following:
      Document has multiple static elements with the same id attribute


2) &lt;html&gt; element must have a lang attribute: https://dequeuniversity.com/rules/axe/3.5/html-has-lang?application=axeAPI
  a) [&quot;#ext-element-1&quot;]
    Fix any of the following:
      The &lt;html&gt; element does not have a lang attribute


3) Document must have one main landmark: https://dequeuniversity.com/rules/axe/3.5/landmark-one-main?application=axeAPI
  a) [&quot;#ext-element-1&quot;]
    Fix all of the following:
      Document does not have a main landmark


4) Page must contain a level-one heading: https://dequeuniversity.com/rules/axe/3.5/page-has-heading-one?application=axeAPI
  a) [&quot;#ext-element-1&quot;]
    Fix all of the following:
      Page must have a level-one heading

 expected [true] but found [false]">
      <![CDATA[java.lang.AssertionError: Found 4 accessibility violations:
1) id attribute value must be unique: https://dequeuniversity.com/rules/axe/3.5/duplicate-id?application=axeAPI
  a) [".left-2-div"]
    Fix any of the following:
      Document has multiple static elements with the same id attribute


2) <html> element must have a lang attribute: https://dequeuniversity.com/rules/axe/3.5/html-has-lang?application=axeAPI
  a) ["#ext-element-1"]
    Fix any of the following:
      The <html> element does not have a lang attribute


3) Document must have one main landmark: https://dequeuniversity.com/rules/axe/3.5/landmark-one-main?application=axeAPI
  a) ["#ext-element-1"]
    Fix all of the following:
      Document does not have a main landmark


4) Page must contain a level-one heading: https://dequeuniversity.com/rules/axe/3.5/page-has-heading-one?application=axeAPI
  a) ["#ext-element-1"]
    Fix all of the following:
      Page must have a level-one heading

 expected [true] but found [false]
	at org.testng.Assert.fail(Assert.java:93)
	at org.testng.Assert.failNotEquals(Assert.java:512)
	at org.testng.Assert.assertTrue(Assert.java:41)
	at com.accessibility.AccessibilityTest.accessibilityTest(AccessibilityTest.java:41)
	at sun.reflect.NativeMethodAccessorImpl.invoke0(Native Method)
	at sun.reflect.NativeMethodAccessorImpl.invoke(Unknown Source)
	at sun.reflect.DelegatingMethodAccessorImpl.invoke(Unknown Source)
	at java.lang.reflect.Method.invoke(Unknown Source)
	at org.testng.internal.MethodInvocationHelper.invokeMethod(MethodInvocationHelper.java:108)
	at org.testng.internal.Invoker.invokeMethod(Invoker.java:661)
	at org.testng.internal.Invoker.invokeTestMethod(Invoker.java:869)
	at org.testng.internal.Invoker.invokeTestMethods(Invoker.java:1193)
	at org.testng.internal.TestMethodWorker.invokeTestMethods(TestMethodWorker.java:126)
	at org.testng.internal.TestMethodWorker.run(TestMethodWorker.java:109)
	at org.testng.TestRunner.privateRun(TestRunner.java:744)
	at org.testng.TestRunner.run(TestRunner.java:602)
	at org.testng.SuiteRunner.runTest(SuiteRunner.java:380)
	at org.testng.SuiteRunner.runSequentially(SuiteRunner.java:375)
	at org.testng.SuiteRunner.privateRun(SuiteRunner.java:340)
	at org.testng.SuiteRunner.run(SuiteRunner.java:289)
	at org.testng.SuiteRunnerWorker.runSuite(SuiteRunnerWorker.java:52)
	at org.testng.SuiteRunnerWorker.run(SuiteRunnerWorker.java:86)
	at org.testng.TestNG.runSuitesSequentially(TestNG.java:1301)
	at org.testng.TestNG.runSuitesLocally(TestNG.java:1226)
	at org.testng.TestNG.runSuites(TestNG.java:1144)
	at org.testng.TestNG.run(TestNG.java:1115)
	at org.testng.remote.AbstractRemoteTestNG.run(AbstractRemoteTestNG.java:114)
	at org.testng.remote.RemoteTestNG.initAndRun(RemoteTestNG.java:251)
	at org.testng.remote.RemoteTestNG.main(RemoteTestNG.java:77)
]]>
    </failure>
  </testcase> <!-- accessibilityTest -->
</testsuite> <!-- com.accessibility.AccessibilityTest -->
